T26D8 6627:821 SEGGER J-Link V4.98e Log File (0000ms, 33956ms total)
T26D8 6627:821 DLL Compiled: May  5 2015 11:00:52 (0000ms, 33956ms total)
T26D8 6627:821 Logging started @ 2016-08-25 21:28 (0000ms, 33956ms total)
T26D8 6627:839 JLINK_ExecCommand("Device = AT91SAM4SD32C", ...)Device "ATSAM4SD32C" selected.  returns 0x00 (0001ms, 33957ms total)
T26D8 6627:906 JLINK_ExecCommand("ProjectFile = T:\12.02859-2\Entrega\20-UART\20-UART\jlink.config", ...)  returns 0x00 (0001ms, 33958ms total)
T26D8 6627:920 JLINK_ExecCommand("Device = AT91SAM4SD32C", ...)Device "ATSAM4SD32C" selected.  returns 0x00 (0001ms, 33959ms total)
T26D8 6627:921 JLINK_TIF_Select(JLINKARM_TIF_JTAG)  returns 0x00 (0002ms, 33961ms total)
T26D8 6627:923 JLINK_GetIdData(...) >0x2F8 JTAG>TotalIRLen = 4, IRPrint = 0x01 >0x30 JTAG> >0x210 JTAG> >0x70 JTAG> >0x40 JTAG> >0x40 JTAG> >0x40 JTAG> >0x48 JTAG> >0x78 JTAG> >0x40 JTAG> >0x30 JTAG> >0x40 JTAG> >0x40 JTAG> >0x30 JTAG> >0x40 JTAG> >0x48 JTAG>Found Cortex-M4 r0p1, Little endian. -- CPU_WriteMem(4 bytes @ 0xE0002000) -- CPU_ReadMem(4 bytes @ 0xE000EDF0) -- CPU_ReadMem(4 bytes @ 0xE0002000)FPUnit: 6 code (BP) slots and 2 literal slots -- CPU_ReadMem(4 bytes @ 0xE000EDFC)
 -- CPU_ReadMem(4 bytes @ 0xE0001000) -- CPU_WriteMem(4 bytes @ 0xE0001000) -- CPU_ReadMem(4 bytes @ 0xE000ED88) -- CPU_WriteMem(4 bytes @ 0xE000ED88) -- CPU_ReadMem(4 bytes @ 0xE000ED88) -- CPU_WriteMem(4 bytes @ 0xE000ED88)CoreSight components:ROMTbl 0 @ E00FF000 -- CPU_ReadMem(16 bytes @ 0xE00FF000) -- CPU_ReadMem(16 bytes @ 0xE000EFF0) -- CPU_ReadMem(16 bytes @ 0xE000EFE0)ROMTbl 0 [0]: FFF0F000, CID: B105E00D, PID: 000BB000 SCS -- CPU_ReadMem(16 bytes @ 0xE0001FF0)
 -- CPU_ReadMem(16 bytes @ 0xE0001FE0)ROMTbl 0 [1]: FFF02000, CID: B105E00D, PID: 003BB002 DWT -- CPU_ReadMem(16 bytes @ 0xE0002FF0) -- CPU_ReadMem(16 bytes @ 0xE0002FE0)ROMTbl 0 [2]: FFF03000, CID: B105E00D, PID: 002BB003 FPB -- CPU_ReadMem(16 bytes @ 0xE0000FF0) -- CPU_ReadMem(16 bytes @ 0xE0000FE0)ROMTbl 0 [3]: FFF01000, CID: B105E00D, PID: 003BB001 ITM -- CPU_ReadMem(16 bytes @ 0xE00FF010) -- CPU_ReadMem(16 bytes @ 0xE0040FF0) -- CPU_ReadMem(16 bytes @ 0xE0040FE0)
ROMTbl 0 [4]: FFF41000, CID: B105900D, PID: 000BB9A1 TPIU ScanLen=4 NumDevices=1 aId[0]=0x4BA00477 aIrRead[0]=0 aScanLen[0]=0 aScanRead[0]=0 (0043ms, 34004ms total)
T26D8 6627:966 JLINK_ConfigJTAG(IRPre = 0, DRPre = 0) (0000ms, 34004ms total)
T26D8 6627:966 JLINK_SetSpeed(1000) (0000ms, 34004ms total)
T26D8 6627:966 JLINK_ResetPullsRESET(OFF) (0000ms, 34004ms total)
T26D8 6627:966 JLINK_Connect() >0x2F8 JTAG>TotalIRLen = 4, IRPrint = 0x01 >0x30 JTAG> >0x210 JTAG> >0x70 JTAG> >0x40 JTAG> >0x40 JTAG> >0x40 JTAG> >0x48 JTAG> >0x78 JTAG> >0x40 JTAG> >0x30 JTAG> >0x40 JTAG> >0x40 JTAG> >0x30 JTAG> >0x40 JTAG> >0x48 JTAG>Found Cortex-M4 r0p1, Little endian. -- CPU_WriteMem(4 bytes @ 0xE0002000) -- CPU_ReadMem(4 bytes @ 0xE000EDF0) -- CPU_ReadMem(4 bytes @ 0xE0002000)FPUnit: 6 code (BP) slots and 2 literal slots -- CPU_ReadMem(4 bytes @ 0xE000EDFC)
 -- CPU_ReadMem(4 bytes @ 0xE0001000) -- CPU_WriteMem(4 bytes @ 0xE0001000) -- CPU_ReadMem(4 bytes @ 0xE000ED88) -- CPU_WriteMem(4 bytes @ 0xE000ED88) -- CPU_ReadMem(4 bytes @ 0xE000ED88) -- CPU_WriteMem(4 bytes @ 0xE000ED88)CoreSight components:ROMTbl 0 @ E00FF000 -- CPU_ReadMem(16 bytes @ 0xE00FF000) -- CPU_ReadMem(16 bytes @ 0xE000EFF0) -- CPU_ReadMem(16 bytes @ 0xE000EFE0)ROMTbl 0 [0]: FFF0F000, CID: B105E00D, PID: 000BB000 SCS -- CPU_ReadMem(16 bytes @ 0xE0001FF0)
 -- CPU_ReadMem(16 bytes @ 0xE0001FE0)ROMTbl 0 [1]: FFF02000, CID: B105E00D, PID: 003BB002 DWT -- CPU_ReadMem(16 bytes @ 0xE0002FF0) -- CPU_ReadMem(16 bytes @ 0xE0002FE0)ROMTbl 0 [2]: FFF03000, CID: B105E00D, PID: 002BB003 FPB -- CPU_ReadMem(16 bytes @ 0xE0000FF0) -- CPU_ReadMem(16 bytes @ 0xE0000FE0)ROMTbl 0 [3]: FFF01000, CID: B105E00D, PID: 003BB001 ITM -- CPU_ReadMem(16 bytes @ 0xE00FF010) -- CPU_ReadMem(16 bytes @ 0xE0040FF0) -- CPU_ReadMem(16 bytes @ 0xE0040FE0)
ROMTbl 0 [4]: FFF41000, CID: B105900D, PID: 000BB9A1 TPIU  returns 0x00 (0037ms, 34041ms total)
T26D8 6628:003 JLINK_GetDebugInfo(0x100) -- Value=0xE00FF003  returns 0x00 (0001ms, 34042ms total)
T26D8 6628:004 JLINK_ReadMem (0xE00FFFF0, 0x0010 Bytes, ...) -- CPU is running -- CPU_ReadMem(16 bytes @ 0xE00FFFF0) - Data: 0D 00 00 00 10 00 00 00 05 00 00 00 B1 00 00 00  returns 0x00 (0001ms, 34043ms total)
T26D8 6628:005 JLINK_ReadMem (0xE00FFFD0, 0x0020 Bytes, ...) -- CPU is running -- CPU_ReadMem(32 bytes @ 0xE00FFFD0) - Data: 04 00 00 00 00 00 00 00 00 00 00 00 00 00 00 00 ...  returns 0x00 (0002ms, 34045ms total)
T26D8 6628:007 JLINK_ReadMemU32(0xE00FF000, 0x0001 Items, ...) -- CPU is running -- CPU_ReadMem(4 bytes @ 0xE00FF000) - Data: 03 F0 F0 FF  returns 0x01 (0001ms, 34046ms total)
T26D8 6628:008 JLINK_ReadMem (0xE000EFF0, 0x0010 Bytes, ...) -- CPU is running -- CPU_ReadMem(16 bytes @ 0xE000EFF0) - Data: 0D 00 00 00 E0 00 00 00 05 00 00 00 B1 00 00 00  returns 0x00 (0001ms, 34047ms total)
T26D8 6628:009 JLINK_ReadMem (0xE000EFD0, 0x0020 Bytes, ...) -- CPU is running -- CPU_ReadMem(32 bytes @ 0xE000EFD0) - Data: 04 00 00 00 00 00 00 00 00 00 00 00 00 00 00 00 ...  returns 0x00 (0002ms, 34049ms total)
T26D8 6628:011 JLINK_ReadMemU32(0xE00FF004, 0x0001 Items, ...) -- CPU is running -- CPU_ReadMem(4 bytes @ 0xE00FF004) - Data: 03 20 F0 FF  returns 0x01 (0001ms, 34050ms total)
T26D8 6628:012 JLINK_ReadMem (0xE0001FF0, 0x0010 Bytes, ...) -- CPU is running -- CPU_ReadMem(16 bytes @ 0xE0001FF0) - Data: 0D 00 00 00 E0 00 00 00 05 00 00 00 B1 00 00 00  returns 0x00 (0001ms, 34051ms total)
T26D8 6628:013 JLINK_ReadMem (0xE0001FD0, 0x0020 Bytes, ...) -- CPU is running -- CPU_ReadMem(32 bytes @ 0xE0001FD0) - Data: 04 00 00 00 00 00 00 00 00 00 00 00 00 00 00 00 ...  returns 0x00 (0002ms, 34053ms total)
T26D8 6628:015 JLINK_ReadMemU32(0xE00FF008, 0x0001 Items, ...) -- CPU is running -- CPU_ReadMem(4 bytes @ 0xE00FF008) - Data: 03 30 F0 FF  returns 0x01 (0001ms, 34054ms total)
T26D8 6628:016 JLINK_ReadMem (0xE0002FF0, 0x0010 Bytes, ...) -- CPU is running -- CPU_ReadMem(16 bytes @ 0xE0002FF0) - Data: 0D 00 00 00 E0 00 00 00 05 00 00 00 B1 00 00 00  returns 0x00 (0001ms, 34055ms total)
T26D8 6628:017 JLINK_ReadMem (0xE0002FD0, 0x0020 Bytes, ...) -- CPU is running -- CPU_ReadMem(32 bytes @ 0xE0002FD0) - Data: 04 00 00 00 00 00 00 00 00 00 00 00 00 00 00 00 ...  returns 0x00 (0002ms, 34057ms total)
T26D8 6628:019 JLINK_ReadMemU32(0xE00FF00C, 0x0001 Items, ...) -- CPU is running -- CPU_ReadMem(4 bytes @ 0xE00FF00C) - Data: 03 10 F0 FF  returns 0x01 (0001ms, 34058ms total)
T26D8 6628:020 JLINK_ReadMem (0xE0000FF0, 0x0010 Bytes, ...) -- CPU is running -- CPU_ReadMem(16 bytes @ 0xE0000FF0) - Data: 0D 00 00 00 E0 00 00 00 05 00 00 00 B1 00 00 00  returns 0x00 (0001ms, 34059ms total)
T26D8 6628:021 JLINK_ReadMem (0xE0000FD0, 0x0020 Bytes, ...) -- CPU is running -- CPU_ReadMem(32 bytes @ 0xE0000FD0) - Data: 04 00 00 00 00 00 00 00 00 00 00 00 00 00 00 00 ...  returns 0x00 (0001ms, 34060ms total)
T26D8 6628:022 JLINK_ReadMemU32(0xE00FF010, 0x0001 Items, ...) -- CPU is running -- CPU_ReadMem(4 bytes @ 0xE00FF010) - Data: 03 10 F4 FF  returns 0x01 (0001ms, 34061ms total)
T26D8 6628:023 JLINK_ReadMem (0xE0040FF0, 0x0010 Bytes, ...) -- CPU is running -- CPU_ReadMem(16 bytes @ 0xE0040FF0) - Data: 0D 00 00 00 90 00 00 00 05 00 00 00 B1 00 00 00  returns 0x00 (0002ms, 34063ms total)
T26D8 6628:025 JLINK_ReadMem (0xE0040FD0, 0x0020 Bytes, ...) -- CPU is running -- CPU_ReadMem(32 bytes @ 0xE0040FD0) - Data: 04 00 00 00 00 00 00 00 00 00 00 00 00 00 00 00 ...  returns 0x00 (0001ms, 34064ms total)
T26D8 6628:026 JLINK_ReadMemU32(0xE00FF014, 0x0001 Items, ...) -- CPU is running -- CPU_ReadMem(4 bytes @ 0xE00FF014) - Data: 02 20 F4 FF  returns 0x01 (0002ms, 34066ms total)
T26D8 6628:028 JLINK_ReadMemU32(0xE00FF018, 0x0001 Items, ...) -- CPU is running -- CPU_ReadMem(4 bytes @ 0xE00FF018) - Data: 00 00 00 00  returns 0x01 (0001ms, 34067ms total)
T26D8 6628:029 JLINK_ReadMem (0xE0001000, 0x0004 Bytes, ...) -- CPU is running -- CPU_ReadMem(4 bytes @ 0xE0001000) - Data: 01 00 00 40  returns 0x00 (0001ms, 34068ms total)
T26D8 6628:030 JLINK_ReadMem (0xE0001000, 0x0004 Bytes, ...) -- CPU is running -- CPU_ReadMem(4 bytes @ 0xE0001000) - Data: 01 00 00 40  returns 0x00 (0001ms, 34069ms total)
T26D8 6628:031 JLINK_ReadMem (0xE0001028, 0x0004 Bytes, ...) -- CPU is running -- CPU_ReadMem(4 bytes @ 0xE0001028) - Data: 00 00 00 00  returns 0x00 (0001ms, 34070ms total)
T26D8 6628:032 JLINK_WriteMem(0xE0001028, 0x0004 Bytes, ...) - Data: 00 01 00 00 -- CPU is running -- CPU_WriteMem(4 bytes @ 0xE0001028)  returns 0x04 (0001ms, 34071ms total)
T26D8 6628:033 JLINK_ReadMem (0xE0001028, 0x0004 Bytes, ...) -- CPU is running -- CPU_ReadMem(4 bytes @ 0xE0001028) - Data: 00 00 00 00  returns 0x00 (0001ms, 34072ms total)
T26D8 6628:034 JLINK_ReadMem (0xE0001038, 0x0004 Bytes, ...) -- CPU is running -- CPU_ReadMem(4 bytes @ 0xE0001038) - Data: 00 02 00 00  returns 0x00 (0001ms, 34073ms total)
T26D8 6628:035 JLINK_WriteMem(0xE0001038, 0x0004 Bytes, ...) - Data: 00 03 00 00 -- CPU is running -- CPU_WriteMem(4 bytes @ 0xE0001038)  returns 0x04 (0001ms, 34074ms total)
T26D8 6628:036 JLINK_ReadMem (0xE0001038, 0x0004 Bytes, ...) -- CPU is running -- CPU_ReadMem(4 bytes @ 0xE0001038) - Data: 00 03 00 00  returns 0x00 (0001ms, 34075ms total)
T26D8 6628:037 JLINK_ReadMem (0xE0001048, 0x0004 Bytes, ...) -- CPU is running -- CPU_ReadMem(4 bytes @ 0xE0001048) - Data: 00 00 00 00  returns 0x00 (0001ms, 34076ms total)
T26D8 6628:038 JLINK_WriteMem(0xE0001048, 0x0004 Bytes, ...) - Data: 00 01 00 00 -- CPU is running -- CPU_WriteMem(4 bytes @ 0xE0001048)  returns 0x04 (0001ms, 34077ms total)
T26D8 6628:039 JLINK_ReadMem (0xE0001048, 0x0004 Bytes, ...) -- CPU is running -- CPU_ReadMem(4 bytes @ 0xE0001048) - Data: 00 00 00 00  returns 0x00 (0001ms, 34078ms total)
T26D8 6628:040 JLINK_ReadMem (0xE0001058, 0x0004 Bytes, ...) -- CPU is running -- CPU_ReadMem(4 bytes @ 0xE0001058) - Data: 00 00 00 00  returns 0x00 (0001ms, 34079ms total)
T26D8 6628:041 JLINK_WriteMem(0xE0001058, 0x0004 Bytes, ...) - Data: 00 01 00 00 -- CPU is running -- CPU_WriteMem(4 bytes @ 0xE0001058)  returns 0x04 (0001ms, 34080ms total)
T26D8 6628:042 JLINK_ReadMem (0xE0001058, 0x0004 Bytes, ...) -- CPU is running -- CPU_ReadMem(4 bytes @ 0xE0001058) - Data: 00 00 00 00  returns 0x00 (0001ms, 34081ms total)
T26D8 6628:043 JLINK_ReadMem (0xE0001024, 0x0004 Bytes, ...) -- CPU is running -- CPU_ReadMem(4 bytes @ 0xE0001024) - Data: 00 00 00 00  returns 0x00 (0001ms, 34082ms total)
T26D8 6628:044 JLINK_WriteMem(0xE0001024, 0x0004 Bytes, ...) - Data: 1F 00 00 00 -- CPU is running -- CPU_WriteMem(4 bytes @ 0xE0001024)  returns 0x04 (0001ms, 34083ms total)
T26D8 6628:045 JLINK_ReadMem (0xE0001024, 0x0004 Bytes, ...) -- CPU is running -- CPU_ReadMem(4 bytes @ 0xE0001024) - Data: 0F 00 00 00  returns 0x00 (0001ms, 34084ms total)
T26D8 6628:046 JLINK_ReadMem (0xE0001034, 0x0004 Bytes, ...) -- CPU is running -- CPU_ReadMem(4 bytes @ 0xE0001034) - Data: 00 00 00 00  returns 0x00 (0001ms, 34085ms total)
T26D8 6628:047 JLINK_WriteMem(0xE0001034, 0x0004 Bytes, ...) - Data: 1F 00 00 00 -- CPU is running -- CPU_WriteMem(4 bytes @ 0xE0001034)  returns 0x04 (0001ms, 34086ms total)
T26D8 6628:048 JLINK_ReadMem (0xE0001034, 0x0004 Bytes, ...) -- CPU is running -- CPU_ReadMem(4 bytes @ 0xE0001034) - Data: 0F 00 00 00  returns 0x00 (0001ms, 34087ms total)
T26D8 6628:049 JLINK_ReadMem (0xE0001044, 0x0004 Bytes, ...) -- CPU is running -- CPU_ReadMem(4 bytes @ 0xE0001044) - Data: 00 00 00 00  returns 0x00 (0001ms, 34088ms total)
T26D8 6628:050 JLINK_WriteMem(0xE0001044, 0x0004 Bytes, ...) - Data: 1F 00 00 00 -- CPU is running -- CPU_WriteMem(4 bytes @ 0xE0001044)  returns 0x04 (0001ms, 34089ms total)
T26D8 6628:051 JLINK_ReadMem (0xE0001044, 0x0004 Bytes, ...) -- CPU is running -- CPU_ReadMem(4 bytes @ 0xE0001044) - Data: 0F 00 00 00  returns 0x00 (0001ms, 34090ms total)
T26D8 6628:052 JLINK_ReadMem (0xE0001054, 0x0004 Bytes, ...) -- CPU is running -- CPU_ReadMem(4 bytes @ 0xE0001054) - Data: 00 00 00 00  returns 0x00 (0001ms, 34091ms total)
T26D8 6628:053 JLINK_WriteMem(0xE0001054, 0x0004 Bytes, ...) - Data: 1F 00 00 00 -- CPU is running -- CPU_WriteMem(4 bytes @ 0xE0001054)  returns 0x04 (0001ms, 34092ms total)
T26D8 6628:054 JLINK_ReadMem (0xE0001054, 0x0004 Bytes, ...) -- CPU is running -- CPU_ReadMem(4 bytes @ 0xE0001054) - Data: 0F 00 00 00  returns 0x00 (0001ms, 34093ms total)
T26D8 6628:055 JLINK_ReadMem (0xE0001028, 0x0004 Bytes, ...) -- CPU is running -- CPU_ReadMem(4 bytes @ 0xE0001028) - Data: 00 00 00 00  returns 0x00 (0001ms, 34094ms total)
T26D8 6628:056 JLINK_ReadMem (0xE0001038, 0x0004 Bytes, ...) -- CPU is running -- CPU_ReadMem(4 bytes @ 0xE0001038) - Data: 00 03 00 00  returns 0x00 (0001ms, 34095ms total)
T26D8 6628:057 JLINK_ReadMem (0xE0001048, 0x0004 Bytes, ...) -- CPU is running -- CPU_ReadMem(4 bytes @ 0xE0001048) - Data: 00 00 00 00  returns 0x00 (0001ms, 34096ms total)
T26D8 6628:058 JLINK_ReadMem (0xE0001058, 0x0004 Bytes, ...) -- CPU is running -- CPU_ReadMem(4 bytes @ 0xE0001058) - Data: 00 00 00 00  returns 0x00 (0001ms, 34097ms total)
T26D8 6628:059 JLINK_WriteMem(0xE0001020, 0x0004 Bytes, ...) - Data: 00 00 00 00 -- CPU is running -- CPU_WriteMem(4 bytes @ 0xE0001020)  returns 0x04 (0001ms, 34098ms total)
T26D8 6628:060 JLINK_WriteMem(0xE0001024, 0x0004 Bytes, ...) - Data: 00 00 00 00 -- CPU is running -- CPU_WriteMem(4 bytes @ 0xE0001024)  returns 0x04 (0001ms, 34099ms total)
T26D8 6628:061 JLINK_WriteMem(0xE0001028, 0x0004 Bytes, ...) - Data: 00 00 00 00 -- CPU is running -- CPU_WriteMem(4 bytes @ 0xE0001028)  returns 0x04 (0001ms, 34100ms total)
T26D8 6628:062 JLINK_WriteMem(0xE0001030, 0x0004 Bytes, ...) - Data: 00 00 00 00 -- CPU is running -- CPU_WriteMem(4 bytes @ 0xE0001030)  returns 0x04 (0001ms, 34101ms total)
T26D8 6628:063 JLINK_WriteMem(0xE0001034, 0x0004 Bytes, ...) - Data: 00 00 00 00 -- CPU is running -- CPU_WriteMem(4 bytes @ 0xE0001034)  returns 0x04 (0001ms, 34102ms total)
T26D8 6628:064 JLINK_WriteMem(0xE0001038, 0x0004 Bytes, ...) - Data: 00 00 00 00 -- CPU is running -- CPU_WriteMem(4 bytes @ 0xE0001038)  returns 0x04 (0001ms, 34103ms total)
T26D8 6628:065 JLINK_WriteMem(0xE0001040, 0x0004 Bytes, ...) - Data: 00 00 00 00 -- CPU is running -- CPU_WriteMem(4 bytes @ 0xE0001040)  returns 0x04 (0001ms, 34104ms total)
T26D8 6628:066 JLINK_WriteMem(0xE0001044, 0x0004 Bytes, ...) - Data: 00 00 00 00 -- CPU is running -- CPU_WriteMem(4 bytes @ 0xE0001044)  returns 0x04 (0001ms, 34105ms total)
T26D8 6628:067 JLINK_WriteMem(0xE0001048, 0x0004 Bytes, ...) - Data: 00 00 00 00 -- CPU is running -- CPU_WriteMem(4 bytes @ 0xE0001048)  returns 0x04 (0001ms, 34106ms total)
T26D8 6628:068 JLINK_WriteMem(0xE0001050, 0x0004 Bytes, ...) - Data: 00 00 00 00 -- CPU is running -- CPU_WriteMem(4 bytes @ 0xE0001050)  returns 0x04 (0000ms, 34106ms total)
T26D8 6628:068 JLINK_WriteMem(0xE0001054, 0x0004 Bytes, ...) - Data: 00 00 00 00 -- CPU is running -- CPU_WriteMem(4 bytes @ 0xE0001054)  returns 0x04 (0001ms, 34107ms total)
T26D8 6628:069 JLINK_WriteMem(0xE0001058, 0x0004 Bytes, ...) - Data: 00 00 00 00 -- CPU is running -- CPU_WriteMem(4 bytes @ 0xE0001058)  returns 0x04 (0001ms, 34108ms total)
T26D8 6628:070 JLINK_Halt()  returns 0x00 (0008ms, 34116ms total)
T26D8 6628:078 JLINK_WriteMem(0x400E0A04, 0x0004 Bytes, ...) - Data: 0B 01 00 5A -- CPU_WriteMem(4 bytes @ 0x400E0A04)  returns 0x04 (0001ms, 34117ms total)
T26D8 6628:079 JLINK_ReadMem (0x400E0A08, 0x0004 Bytes, ...) -- CPU_ReadMem(4 bytes @ 0x400E0A08) - Data: 01 00 00 00  returns 0x00 (0001ms, 34118ms total)
T26D8 6628:080 JLINK_WriteMem(0x400E0A04, 0x0004 Bytes, ...) - Data: 0C 02 00 5A -- CPU_WriteMem(4 bytes @ 0x400E0A04)  returns 0x04 (0001ms, 34119ms total)
T26D8 6628:081 JLINK_ReadMem (0x400E0A08, 0x0004 Bytes, ...) -- CPU_ReadMem(4 bytes @ 0x400E0A08) - Data: 01 00 00 00  returns 0x00 (0001ms, 34120ms total)
T26D8 6628:082 JLINK_Reset() -- CPU_ReadMem(16 bytes @ 0x20000000) -- CPU_WriteMem(16 bytes @ 0x20000000) -- CPU_ReadMem(4 bytes @ 0xE000EDFC) -- CPU_WriteMem(4 bytes @ 0xE000EDFC) -- CPU_ReadMem(4 bytes @ 0xE0001000) -- CPU_WriteMem(4 bytes @ 0xE000EDFC) -- CPU_WriteMem(16 bytes @ 0x20000000) -- CPU_WriteMem(4 bytes @ 0xE0002000) -- CPU_ReadMem(4 bytes @ 0xE000EDFC) -- CPU_ReadMem(4 bytes @ 0xE0001000) (0037ms, 34157ms total)
T26D8 6628:121 JLINK_JTAG_GetDeviceID(DeviceIndex = 0)  returns 0x4BA00477 (0000ms, 34157ms total)
T26D8 6628:121 JLINK_ReadMemU32(0x400E0740, 0x0001 Items, ...) -- CPU_ReadMem(4 bytes @ 0x400E0740) - Data: E0 0E A7 29  returns 0x01 (0001ms, 34158ms total)
T26D8 6628:122 JLINK_ReadMemU32(0x400E0744, 0x0001 Items, ...) -- CPU_ReadMem(4 bytes @ 0x400E0744) - Data: 00 00 00 00  returns 0x01 (0001ms, 34159ms total)
T26D8 6628:123 JLINK_WriteMem(0x400E0A04, 0x0004 Bytes, ...) - Data: 05 00 00 5A -- CPU_WriteMem(4 bytes @ 0x400E0A04)  returns 0x04 (0001ms, 34160ms total)
T26D8 6628:124 JLINK_WriteMem(0x400E0C04, 0x0004 Bytes, ...) - Data: 05 00 00 5A -- CPU_WriteMem(4 bytes @ 0x400E0C04)  returns 0x04 (0001ms, 34161ms total)
T26D8 6628:125 JLINK_ReadMem (0x400E0A08, 0x0004 Bytes, ...) -- CPU_ReadMem(4 bytes @ 0x400E0A08) - Data: 00 00 00 00  returns 0x00 (0001ms, 34162ms total)
T26D8 6628:127 JLINK_ReadMem (0x400E0A08, 0x0004 Bytes, ...) -- CPU_ReadMem(4 bytes @ 0x400E0A08) - Data: 00 00 00 00  returns 0x00 (0001ms, 34163ms total)
T2A14 6628:130 JLINK_IsHalted()  returns TRUE (0000ms, 34163ms total)
T2A14 6628:130 JLINK_GetMOEs(...) -- CPU_ReadMem(4 bytes @ 0xE000ED30) -- CPU_WriteMem(4 bytes @ 0xE000ED30)  returns 0x01 (0002ms, 34165ms total)
T26D8 6628:132 JLINK_ReadMem (0x400E0A08, 0x0004 Bytes, ...) -- CPU_ReadMem(4 bytes @ 0x400E0A08) - Data: 00 00 00 00  returns 0x00 (0001ms, 34166ms total)
T2A14 6628:133 JLINK_ReadReg(R15 (PC))  returns 0x00400830 (0000ms, 34166ms total)
T26D8 6628:149 JLINK_ReadMem (0x400E0A08, 0x0004 Bytes, ...) -- CPU_ReadMem(4 bytes @ 0x400E0A08) - Data: 00 00 00 00  returns 0x00 (0001ms, 34167ms total)
T26D8 6628:214 JLINK_ReadMem (0x400E0A08, 0x0004 Bytes, ...) -- CPU_ReadMem(4 bytes @ 0x400E0A08) - Data: 00 00 00 00  returns 0x00 (0001ms, 34168ms total)
T2A14 6628:333 JLINK_IsHalted()  returns TRUE (0000ms, 34168ms total)
T26D8 6628:471 JLINK_ReadMem (0x400E0A08, 0x0004 Bytes, ...) -- CPU_ReadMem(4 bytes @ 0x400E0A08) - Data: 00 00 00 00  returns 0x00 (0001ms, 34169ms total)
T2A14 6628:533 JLINK_IsHalted()  returns TRUE (0000ms, 34169ms total)
T2A14 6628:733 JLINK_IsHalted()  returns TRUE (0001ms, 34170ms total)
T2A14 6628:934 JLINK_IsHalted()  returns TRUE (0000ms, 34169ms total)
T2A14 6629:134 JLINK_IsHalted()  returns TRUE (0000ms, 34169ms total)
T2A14 6629:334 JLINK_IsHalted()  returns TRUE (0001ms, 34170ms total)
T26D8 6629:472 JLINK_ReadMem (0x400E0A08, 0x0004 Bytes, ...) -- CPU_ReadMem(4 bytes @ 0x400E0A08) - Data: 00 00 00 00  returns 0x00 (0001ms, 34170ms total)
T26D8 6629:473 JLINK_ReadMem (0x400E0C08, 0x0004 Bytes, ...) -- CPU_ReadMem(4 bytes @ 0x400E0C08) - Data: 00 00 00 00  returns 0x00 (0002ms, 34172ms total)
T26D8 6629:476 JLINK_ReadMem (0x400E0C08, 0x0004 Bytes, ...) -- CPU_ReadMem(4 bytes @ 0x400E0C08) - Data: 00 00 00 00  returns 0x00 (0001ms, 34173ms total)
T26D8 6629:481 JLINK_ReadMem (0x400E0C08, 0x0004 Bytes, ...) -- CPU_ReadMem(4 bytes @ 0x400E0C08) - Data: 00 00 00 00  returns 0x00 (0001ms, 34174ms total)
T26D8 6629:498 JLINK_ReadMem (0x400E0C08, 0x0004 Bytes, ...) -- CPU_ReadMem(4 bytes @ 0x400E0C08) - Data: 00 00 00 00  returns 0x00 (0001ms, 34175ms total)
T2A14 6629:535 JLINK_IsHalted()  returns TRUE (0000ms, 34175ms total)
T26D8 6629:563 JLINK_ReadMem (0x400E0C08, 0x0004 Bytes, ...) -- CPU_ReadMem(4 bytes @ 0x400E0C08) - Data: 00 00 00 00  returns 0x00 (0001ms, 34176ms total)
T2A14 6629:735 JLINK_IsHalted()  returns TRUE (0000ms, 34176ms total)
T26D8 6629:820 JLINK_ReadMem (0x400E0C08, 0x0004 Bytes, ...) -- CPU_ReadMem(4 bytes @ 0x400E0C08) - Data: 00 00 00 00  returns 0x00 (0001ms, 34177ms total)
T2A14 6629:935 JLINK_IsHalted()  returns TRUE (0001ms, 34178ms total)
T2A14 6630:136 JLINK_IsHalted()  returns TRUE (0000ms, 34177ms total)
T2A14 6630:336 JLINK_IsHalted()  returns TRUE (0000ms, 34177ms total)
T2A14 6630:536 JLINK_IsHalted()  returns TRUE (0001ms, 34178ms total)
T2A14 6630:737 JLINK_IsHalted()  returns TRUE (0000ms, 34177ms total)
T26D8 6630:821 JLINK_ReadMem (0x400E0C08, 0x0004 Bytes, ...) -- CPU_ReadMem(4 bytes @ 0x400E0C08) - Data: 00 00 00 00  returns 0x00 (0001ms, 34178ms total)
T26D8 6630:822 JLINK_ReadMem (0x400E0A08, 0x0004 Bytes, ...) -- CPU_ReadMem(4 bytes @ 0x400E0A08) - Data: 00 00 00 00  returns 0x00 (0001ms, 34179ms total)
T26D8 6630:825 JLINK_ReadMem (0x400E0A08, 0x0004 Bytes, ...) -- CPU_ReadMem(4 bytes @ 0x400E0A08) - Data: 00 00 00 00  returns 0x00 (0001ms, 34181ms total)
T26D8 6630:830 JLINK_ReadMem (0x400E0A08, 0x0004 Bytes, ...) -- CPU_ReadMem(4 bytes @ 0x400E0A08) - Data: 00 00 00 00  returns 0x00 (0001ms, 34182ms total)
T26D8 6630:847 JLINK_ReadMem (0x400E0A08, 0x0004 Bytes, ...) -- CPU_ReadMem(4 bytes @ 0x400E0A08) - Data: 00 00 00 00  returns 0x00 (0001ms, 34183ms total)
T26D8 6630:912 JLINK_ReadMem (0x400E0A08, 0x0004 Bytes, ...) -- CPU_ReadMem(4 bytes @ 0x400E0A08) - Data: 00 00 00 00  returns 0x00 (0001ms, 34184ms total)
T2A14 6630:937 JLINK_IsHalted()  returns TRUE (0000ms, 34184ms total)
T2A14 6631:137 JLINK_IsHalted()  returns TRUE (0001ms, 34185ms total)
T26D8 6631:169 JLINK_ReadMem (0x400E0A08, 0x0004 Bytes, ...) -- CPU_ReadMem(4 bytes @ 0x400E0A08) - Data: 00 00 00 00  returns 0x00 (0001ms, 34185ms total)
T2A14 6631:338 JLINK_IsHalted()  returns TRUE (0000ms, 34185ms total)
T2A14 6631:538 JLINK_IsHalted()  returns TRUE (0000ms, 34185ms total)
T2A14 6631:738 JLINK_IsHalted()  returns TRUE (0001ms, 34186ms total)
T2A14 6631:939 JLINK_IsHalted()  returns TRUE (0000ms, 34185ms total)
T2A14 6632:139 JLINK_IsHalted()  returns TRUE (0000ms, 34185ms total)
T26D8 6632:170 JLINK_ReadMem (0x400E0A08, 0x0004 Bytes, ...) -- CPU_ReadMem(4 bytes @ 0x400E0A08) - Data: 00 00 00 00  returns 0x00 (0001ms, 34186ms total)
T26D8 6632:171 JLINK_ReadMem (0x400E0C08, 0x0004 Bytes, ...) -- CPU_ReadMem(4 bytes @ 0x400E0C08) - Data: 00 00 00 00  returns 0x00 (0002ms, 34188ms total)
T26D8 6632:175 JLINK_ReadMem (0x400E0C08, 0x0004 Bytes, ...) -- CPU_ReadMem(4 bytes @ 0x400E0C08) - Data: 00 00 00 00  returns 0x00 (0001ms, 34189ms total)
T26D8 6632:180 JLINK_ReadMem (0x400E0C08, 0x0004 Bytes, ...) -- CPU_ReadMem(4 bytes @ 0x400E0C08) - Data: 00 00 00 00  returns 0x00 (0002ms, 34191ms total)
T26D8 6632:198 JLINK_ReadMem (0x400E0C08, 0x0004 Bytes, ...) -- CPU_ReadMem(4 bytes @ 0x400E0C08) - Data: 00 00 00 00  returns 0x00 (0001ms, 34192ms total)
T26D8 6632:263 JLINK_ReadMem (0x400E0C08, 0x0004 Bytes, ...) -- CPU_ReadMem(4 bytes @ 0x400E0C08) - Data: 00 00 00 00  returns 0x00 (0001ms, 34193ms total)
T2A14 6632:339 JLINK_IsHalted()  returns TRUE (0001ms, 34194ms total)
T26D8 6632:520 JLINK_ReadMem (0x400E0C08, 0x0004 Bytes, ...) -- CPU_ReadMem(4 bytes @ 0x400E0C08) - Data: 00 00 00 00  returns 0x00 (0001ms, 34194ms total)
T2A14 6632:540 JLINK_IsHalted()  returns TRUE (0000ms, 34194ms total)
T2A14 6632:740 JLINK_IsHalted()  returns TRUE (0000ms, 34194ms total)
T2A14 6632:940 JLINK_IsHalted()  returns TRUE (0001ms, 34195ms total)
T2A14 6633:141 JLINK_IsHalted()  returns TRUE (0000ms, 34194ms total)
T2A14 6633:341 JLINK_IsHalted()  returns TRUE (0000ms, 34194ms total)
T26D8 6633:521 JLINK_ReadMem (0x400E0C08, 0x0004 Bytes, ...) -- CPU_ReadMem(4 bytes @ 0x400E0C08) - Data: 01 00 00 00  returns 0x00 (0001ms, 34195ms total)
T26D8 6633:522 JLINK_ReadMem (0x400E0A08, 0x0004 Bytes, ...) -- CPU_ReadMem(4 bytes @ 0x400E0A08) - Data: 01 00 00 00  returns 0x00 (0001ms, 34196ms total)
T2A14 6633:541 JLINK_IsHalted()  returns TRUE (0001ms, 34197ms total)
T26D8 6633:543 JLINK_ResetPullsRESET(ON) (0000ms, 34196ms total)
T26D8 6633:543 JLINK_ResetNoHalt() >0x2F8 JTAG>TotalIRLen = 4, IRPrint = 0x01 >0x30 JTAG> >0x210 JTAG> >0x70 JTAG> >0x40 JTAG> >0x40 JTAG> >0x40 JTAG> >0x48 JTAG> >0x78 JTAG> >0x40 JTAG> >0x30 JTAG> >0x40 JTAG> >0x40 JTAG> >0x30 JTAG> >0x40 JTAG> >0x48 JTAG>Found Cortex-M4 r0p1, Little endian. -- CPU_WriteMem(4 bytes @ 0xE0002000) -- CPU_ReadMem(4 bytes @ 0xE000EDF0) -- CPU_ReadMem(4 bytes @ 0xE0002000)FPUnit: 6 code (BP) slots and 2 literal slots -- CPU_ReadMem(4 bytes @ 0xE000EDFC)
 -- CPU_ReadMem(4 bytes @ 0xE0001000) -- CPU_ReadMem(4 bytes @ 0xE000ED88) -- CPU_WriteMem(4 bytes @ 0xE000ED88) -- CPU_ReadMem(4 bytes @ 0xE000ED88) -- CPU_WriteMem(4 bytes @ 0xE000ED88)CoreSight components:ROMTbl 0 @ E00FF000 -- CPU_ReadMem(16 bytes @ 0xE00FF000) -- CPU_ReadMem(16 bytes @ 0xE000EFF0) -- CPU_ReadMem(16 bytes @ 0xE000EFE0)ROMTbl 0 [0]: FFF0F000, CID: B105E00D, PID: 000BB000 SCS -- CPU_WriteMem(4 bytes @ 0xE0001000) -- CPU_ReadMem(16 bytes @ 0xE0001FF0)
 -- CPU_ReadMem(16 bytes @ 0xE0001FE0)ROMTbl 0 [1]: FFF02000, CID: B105E00D, PID: 003BB002 DWT -- CPU_ReadMem(16 bytes @ 0xE0002FF0) -- CPU_ReadMem(16 bytes @ 0xE0002FE0)ROMTbl 0 [2]: FFF03000, CID: B105E00D, PID: 002BB003 FPB -- CPU_ReadMem(16 bytes @ 0xE0000FF0) -- CPU_ReadMem(16 bytes @ 0xE0000FE0)ROMTbl 0 [3]: FFF01000, CID: B105E00D, PID: 003BB001 ITM -- CPU_ReadMem(16 bytes @ 0xE00FF010) -- CPU_ReadMem(16 bytes @ 0xE0040FF0) -- CPU_ReadMem(16 bytes @ 0xE0040FE0)
ROMTbl 0 [4]: FFF41000, CID: B105900D, PID: 000BB9A1 TPIU
                JLINK_Reset() -- CPU_ReadMem(16 bytes @ 0x20000000) -- CPU_WriteMem(16 bytes @ 0x20000000) -- CPU_ReadMem(4 bytes @ 0xE000EDFC) -- CPU_WriteMem(4 bytes @ 0xE000EDFC) -- CPU_ReadMem(4 bytes @ 0xE0001000) -- CPU_WriteMem(4 bytes @ 0xE0001004) -- CPU_WriteMem(4 bytes @ 0xE000EDFC) -- CPU_WriteMem(16 bytes @ 0x20000000) -- CPU_WriteMem(4 bytes @ 0xE0002000) -- CPU_ReadMem(4 bytes @ 0xE000EDFC) -- CPU_ReadMem(4 bytes @ 0xE0001000) (0041ms, 0041ms total)
                JLINK_Go() -- CPU_ReadMem(4 bytes @ 0xE0001000) -- CPU_WriteMem(4 bytes @ 0xE0001004) (0003ms, 0045ms total)
               (0090ms, 34286ms total)
T26D8 6633:634 JLINK_ExecCommand("ProjectFile = T:\12.02859-2\Entrega\20-UART\20-UART\jlink.config", ...)  returns 0x00 (0001ms, 34287ms total)
T26D8 6633:648 JLINK_ExecCommand("Device = AT91SAM4SD32C", ...)Device "ATSAM4SD32C" selected.  returns 0x00 (0000ms, 34287ms total)
T26D8 6633:649 JLINK_TIF_Select(JLINKARM_TIF_JTAG)  returns 0x00 (0000ms, 34287ms total)
T26D8 6633:649 JLINK_GetIdData(...) ScanLen=4 NumDevices=1 aId[0]=0x4BA00477 aIrRead[0]=0 aScanLen[0]=0 aScanRead[0]=0 (0000ms, 34287ms total)
T26D8 6633:649 JLINK_ConfigJTAG(IRPre = 0, DRPre = 0) (0000ms, 34287ms total)
T26D8 6633:649 JLINK_SetSpeed(4000) (0000ms, 34287ms total)
T26D8 6633:649 JLINK_ResetPullsRESET(OFF) (0000ms, 34287ms total)
T26D8 6633:649 JLINK_Connect() >0x2F8 JTAG>TotalIRLen = 4, IRPrint = 0x01 >0x30 JTAG> >0x210 JTAG> >0x70 JTAG> >0x40 JTAG> >0x40 JTAG> >0x40 JTAG> >0x48 JTAG> >0x78 JTAG> >0x40 JTAG> >0x30 JTAG> >0x40 JTAG> >0x40 JTAG> >0x30 JTAG> >0x40 JTAG> >0x48 JTAG>Found Cortex-M4 r0p1, Little endian. -- CPU_WriteMem(4 bytes @ 0xE0002000) -- CPU_ReadMem(4 bytes @ 0xE000EDF0) -- CPU_ReadMem(4 bytes @ 0xE0002000)FPUnit: 6 code (BP) slots and 2 literal slots -- CPU_ReadMem(4 bytes @ 0xE000EDFC)
 -- CPU_ReadMem(4 bytes @ 0xE0001000) -- CPU_WriteMem(4 bytes @ 0xE0001000) -- CPU_ReadMem(4 bytes @ 0xE000ED88) -- CPU_WriteMem(4 bytes @ 0xE000ED88) -- CPU_ReadMem(4 bytes @ 0xE000ED88) -- CPU_WriteMem(4 bytes @ 0xE000ED88)CoreSight components:ROMTbl 0 @ E00FF000 -- CPU_ReadMem(16 bytes @ 0xE00FF000) -- CPU_ReadMem(16 bytes @ 0xE000EFF0) -- CPU_ReadMem(16 bytes @ 0xE000EFE0)ROMTbl 0 [0]: FFF0F000, CID: B105E00D, PID: 000BB000 SCS -- CPU_ReadMem(16 bytes @ 0xE0001FF0)
 -- CPU_ReadMem(16 bytes @ 0xE0001FE0)ROMTbl 0 [1]: FFF02000, CID: B105E00D, PID: 003BB002 DWT -- CPU_ReadMem(16 bytes @ 0xE0002FF0) -- CPU_ReadMem(16 bytes @ 0xE0002FE0)ROMTbl 0 [2]: FFF03000, CID: B105E00D, PID: 002BB003 FPB -- CPU_ReadMem(16 bytes @ 0xE0000FF0) -- CPU_ReadMem(16 bytes @ 0xE0000FE0)ROMTbl 0 [3]: FFF01000, CID: B105E00D, PID: 003BB001 ITM -- CPU_ReadMem(16 bytes @ 0xE00FF010) -- CPU_ReadMem(16 bytes @ 0xE0040FF0) -- CPU_ReadMem(16 bytes @ 0xE0040FE0)
ROMTbl 0 [4]: FFF41000, CID: B105900D, PID: 000BB9A1 TPIU  returns 0x00 (0033ms, 34320ms total)
T26D8 6633:682 JLINK_WriteMem(0xE0001020, 0x0004 Bytes, ...) - Data: 00 00 00 00 -- CPU is running -- CPU_WriteMem(4 bytes @ 0xE0001020)  returns 0x04 (0001ms, 34321ms total)
T26D8 6633:683 JLINK_WriteMem(0xE0001024, 0x0004 Bytes, ...) - Data: 00 00 00 00 -- CPU is running -- CPU_WriteMem(4 bytes @ 0xE0001024)  returns 0x04 (0001ms, 34322ms total)
T26D8 6633:684 JLINK_WriteMem(0xE0001028, 0x0004 Bytes, ...) - Data: 00 00 00 00 -- CPU is running -- CPU_WriteMem(4 bytes @ 0xE0001028)  returns 0x04 (0001ms, 34323ms total)
T26D8 6633:685 JLINK_WriteMem(0xE0001030, 0x0004 Bytes, ...) - Data: 00 00 00 00 -- CPU is running -- CPU_WriteMem(4 bytes @ 0xE0001030)  returns 0x04 (0001ms, 34324ms total)
T26D8 6633:686 JLINK_WriteMem(0xE0001034, 0x0004 Bytes, ...) - Data: 00 00 00 00 -- CPU is running -- CPU_WriteMem(4 bytes @ 0xE0001034)  returns 0x04 (0001ms, 34325ms total)
T26D8 6633:687 JLINK_WriteMem(0xE0001038, 0x0004 Bytes, ...) - Data: 00 00 00 00 -- CPU is running -- CPU_WriteMem(4 bytes @ 0xE0001038)  returns 0x04 (0001ms, 34326ms total)
T26D8 6633:688 JLINK_WriteMem(0xE0001040, 0x0004 Bytes, ...) - Data: 00 00 00 00 -- CPU is running -- CPU_WriteMem(4 bytes @ 0xE0001040)  returns 0x04 (0001ms, 34327ms total)
T26D8 6633:689 JLINK_WriteMem(0xE0001044, 0x0004 Bytes, ...) - Data: 00 00 00 00 -- CPU is running -- CPU_WriteMem(4 bytes @ 0xE0001044)  returns 0x04 (0001ms, 34328ms total)
T26D8 6633:690 JLINK_WriteMem(0xE0001048, 0x0004 Bytes, ...) - Data: 00 00 00 00 -- CPU is running -- CPU_WriteMem(4 bytes @ 0xE0001048)  returns 0x04 (0001ms, 34329ms total)
T26D8 6633:691 JLINK_WriteMem(0xE0001050, 0x0004 Bytes, ...) - Data: 00 00 00 00 -- CPU is running -- CPU_WriteMem(4 bytes @ 0xE0001050)  returns 0x04 (0001ms, 34330ms total)
T26D8 6633:692 JLINK_WriteMem(0xE0001054, 0x0004 Bytes, ...) - Data: 00 00 00 00 -- CPU is running -- CPU_WriteMem(4 bytes @ 0xE0001054)  returns 0x04 (0001ms, 34331ms total)
T26D8 6633:693 JLINK_WriteMem(0xE0001058, 0x0004 Bytes, ...) - Data: 00 00 00 00 -- CPU is running -- CPU_WriteMem(4 bytes @ 0xE0001058)  returns 0x04 (0000ms, 34331ms total)
T26D8 6633:693 JLINK_Halt()  returns 0x00 (0004ms, 34335ms total)
T26D8 6633:698 JLINK_WriteMem(0x400E0A04, 0x0004 Bytes, ...) - Data: 0B 01 00 5A -- CPU_WriteMem(4 bytes @ 0x400E0A04)  returns 0x04 (0000ms, 34335ms total)
T26D8 6633:698 JLINK_ReadMem (0x400E0A08, 0x0004 Bytes, ...) -- CPU_ReadMem(4 bytes @ 0x400E0A08) - Data: 01 00 00 00  returns 0x00 (0002ms, 34337ms total)
T26D8 6633:700 JLINK_WriteMem(0x400E0A04, 0x0004 Bytes, ...) - Data: 0C 02 00 5A -- CPU_WriteMem(4 bytes @ 0x400E0A04)  returns 0x04 (0001ms, 34338ms total)
T26D8 6633:701 JLINK_ReadMem (0x400E0A08, 0x0004 Bytes, ...) -- CPU_ReadMem(4 bytes @ 0x400E0A08) - Data: 01 00 00 00  returns 0x00 (0001ms, 34339ms total)
T26D8 6633:702 JLINK_Reset() -- CPU_ReadMem(16 bytes @ 0x20000000) -- CPU_WriteMem(16 bytes @ 0x20000000) -- CPU_ReadMem(4 bytes @ 0xE000EDFC) -- CPU_WriteMem(4 bytes @ 0xE000EDFC) -- CPU_ReadMem(4 bytes @ 0xE0001000) -- CPU_WriteMem(4 bytes @ 0xE000EDFC) -- CPU_WriteMem(16 bytes @ 0x20000000) -- CPU_WriteMem(4 bytes @ 0xE0002000) -- CPU_ReadMem(4 bytes @ 0xE000EDFC) -- CPU_ReadMem(4 bytes @ 0xE0001000) (0027ms, 34366ms total)
T26D8 6633:732 JLINK_JTAG_GetDeviceID(DeviceIndex = 0)  returns 0x4BA00477 (0000ms, 34367ms total)
T26D8 6633:732 JLINK_ReadMemU32(0x400E0740, 0x0001 Items, ...) -- CPU_ReadMem(4 bytes @ 0x400E0740) - Data: E0 0E A7 29  returns 0x01 (0001ms, 34368ms total)
T26D8 6633:733 JLINK_ReadMemU32(0x400E0744, 0x0001 Items, ...) -- CPU_ReadMem(4 bytes @ 0x400E0744) - Data: 00 00 00 00  returns 0x01 (0001ms, 34369ms total)
T26D8 6633:736 JLINK_BeginDownload(Flags = 0x00) (0000ms, 34369ms total)
T26D8 6633:736 JLINK_WriteMem(0x00400000, 0x1E28 Bytes, ...) - Data: 38 39 00 20 31 08 40 00 2D 08 40 00 2D 08 40 00 ...  returns 0x1E28 (0001ms, 34370ms total)
T26D8 6633:737 JLINK_WriteMem(0x00401E28, 0x0844 Bytes, ...) - Data: 00 09 3D 00 00 00 00 00 00 00 00 00 F4 02 00 20 ...  returns 0x844 (0000ms, 34370ms total)
T2564 6633:752 JLINK_IsHalted()  returns TRUE (0000ms, 34370ms total)
T2564 6633:752 JLINK_GetMOEs(...) -- CPU_ReadMem(4 bytes @ 0xE000ED30) -- CPU_WriteMem(4 bytes @ 0xE000ED30)  returns 0x01 (0005ms, 34375ms total)
T2564 6633:757 JLINK_ReadReg(R15 (PC)) -- -------------------------------------- -- Start of determining dirty areas in flash cache -- End of determining dirty areas -- Start of preparing flash programming -- Calculating RAM usage -- RAM usage = 2884 Bytes -- Preserving registers -- Preparing memory -- Determining CPU clock frequency -- CPU clock frequency: 4117 kHz -- CPU frequency = 4117 kHz -- Preparing target -- Downloading RAMCode -- Using alternate TurboMode RAMCode -- Checking target RAM
 -- Preparing RAMCode -- End of preparing flash programmingCPU is running at low speed (4117 kHz). -- CPU is running at 4117 kHz. -- Start of comparing flash -- Read back was estimated as fastest method -- Comparing range 0x400000 - 0x4027FF (20 Sectors, 10 KB), using multi-block CRC calculation -- CPU is running -- CPU_ReadMem(512 bytes @ 0x00400000) -- CPU is running -- CPU_ReadMem(512 bytes @ 0x00400200) -- CPU is running -- CPU_ReadMem(512 bytes @ 0x00400400) -- CPU is running
 -- CPU_ReadMem(512 bytes @ 0x00400600) -- CPU is running -- CPU_ReadMem(512 bytes @ 0x00400800) -- CPU is running -- CPU_ReadMem(512 bytes @ 0x00400A00) -- CPU is running -- CPU_ReadMem(512 bytes @ 0x00400C00) -- CPU is running -- CPU_ReadMem(512 bytes @ 0x00400E00) -- CPU is running -- CPU_ReadMem(512 bytes @ 0x00401000) -- CPU is running -- CPU_ReadMem(512 bytes @ 0x00401200) -- CPU is running -- CPU_ReadMem(512 bytes @ 0x00401400) -- CPU is running -- CPU_ReadMem(512 bytes @ 0x00401600)
 -- CPU is running -- CPU_ReadMem(512 bytes @ 0x00401800) -- CPU is running -- CPU_ReadMem(512 bytes @ 0x00401A00) -- CPU is running -- CPU_ReadMem(512 bytes @ 0x00401C00) -- CPU is running -- CPU_ReadMem(512 bytes @ 0x00401E00) -- CPU is running -- CPU_ReadMem(512 bytes @ 0x00402000) -- CPU is running -- CPU_ReadMem(512 bytes @ 0x00402200) -- CPU is running -- CPU_ReadMem(512 bytes @ 0x00402400) -- CPU is running -- CPU_ReadMem(512 bytes @ 0x00402600) -- CRC does not match for sectors 0-19
 -- End of comparing flash -- Start of erasing sectors -- End of erasing sectors -- Start of flash programming -- Programming range 0x00400000 - 0x004027FF (020 Sectors, 10 KB) -- End of flash programming -- Flash programming performed for 1 range (10240 bytes) -- 0x400000 - 0x4027FF (020 Sectors, 10 KB) -- Start of verifying flash -- Checksum calculation was estimated as fastest method -- End of verifying flash -- Start of restoring -- Restore RAMCode -- Restore content of target memory
 -- Restore target -- Restore memory -- Restore content of registers -- End of restoring -- Total time needed: 0.349s (Prepare: 0.088s, Compare: 0.093s, Erase: 0.000s, Program: 0.155s, Verify: 0.004s, Restore: 0.006s)  returns 0xFFFFFFFE (0353ms, 34728ms total)
T25FC 6634:223 JLINK_Halt()  returns 0x00 (0002ms, 34730ms total)
T25FC 6634:225 JLINK_ReadReg(R15 (PC))  returns 0xFFFFFFFE (0000ms, 34730ms total)
T25FC 6634:225 JLINK_ReadReg(R13 (SP))  returns 0xFFFFFFFC (0000ms, 34730ms total)
T2564 6634:311 JLINK_IsHalted()  returns TRUE (0000ms, 34730ms total)
T25FC 6634:366 JLINK_ReadReg(R0)  returns 0x400E1400 (0000ms, 34730ms total)
T25FC 6634:367 JLINK_ReadReg(R1)  returns 0x40C00000 (0000ms, 34731ms total)
T25FC 6634:367 JLINK_ReadReg(R2)  returns 0xA5000005 (0000ms, 34731ms total)
T25FC 6634:367 JLINK_ReadReg(R3)  returns 0x00000000 (0000ms, 34731ms total)
T25FC 6634:367 JLINK_ReadReg(R4)  returns 0x20000920 (0000ms, 34731ms total)
T25FC 6634:367 JLINK_ReadReg(R5)  returns 0x400E0E00 (0000ms, 34731ms total)
T25FC 6634:367 JLINK_ReadReg(R6)  returns 0x00400281 (0000ms, 34731ms total)
T25FC 6634:367 JLINK_ReadReg(R7)  returns 0x400E1200 (0000ms, 34731ms total)
T25FC 6634:367 JLINK_ReadReg(R8)  returns 0x00400D41 (0000ms, 34731ms total)
T25FC 6634:367 JLINK_ReadReg(R9)  returns 0x25290B42 (0000ms, 34731ms total)
T25FC 6634:367 JLINK_ReadReg(R10)  returns 0x835309DF (0000ms, 34731ms total)
T25FC 6634:367 JLINK_ReadReg(R11)  returns 0x02BEAD46 (0000ms, 34731ms total)
T25FC 6634:367 JLINK_ReadReg(R12)  returns 0x01010101 (0000ms, 34731ms total)
T25FC 6634:367 JLINK_ReadReg(R13 (SP))  returns 0xFFFFFFFC (0000ms, 34731ms total)
T25FC 6634:367 JLINK_ReadReg(R14)  returns 0xFFFFFFFF (0000ms, 34731ms total)
T25FC 6634:367 JLINK_ReadReg(R15 (PC))  returns 0xFFFFFFFE (0000ms, 34731ms total)
T25FC 6634:367 JLINK_ReadReg(XPSR)  returns 0x01000000 (0000ms, 34731ms total)
T25FC 6634:367 JLINK_ReadReg(MSP)  returns 0xFFFFFFFC (0000ms, 34731ms total)
T25FC 6634:367 JLINK_ReadReg(PSP)  returns 0x964C0864 (0000ms, 34731ms total)
T25FC 6634:367 JLINK_ReadReg(PRIMASK)  returns 0x00000000 (0000ms, 34731ms total)
T25FC 6634:367 JLINK_ReadReg(BASEPRI)  returns 0x00000000 (0000ms, 34731ms total)
T25FC 6634:367 JLINK_ReadReg(FAULTMASK)  returns 0x00000000 (0000ms, 34731ms total)
T25FC 6634:367 JLINK_ReadReg(CONTROL)  returns 0x00000000 (0000ms, 34731ms total)
T2564 6634:511 JLINK_IsHalted()  returns TRUE (0000ms, 34732ms total)
T25FC 6634:700 JLINK_EndDownload()  returns 0x00 (0000ms, 34732ms total)
T25FC 6634:700 JLINK_Reset() -- CPU_ReadMem(16 bytes @ 0x20000000) -- CPU_WriteMem(16 bytes @ 0x20000000) -- CPU_ReadMem(4 bytes @ 0xE000EDFC) -- CPU_WriteMem(4 bytes @ 0xE000EDFC) -- CPU_ReadMem(4 bytes @ 0xE0001000) -- CPU_WriteMem(4 bytes @ 0xE000EDFC) -- CPU_WriteMem(16 bytes @ 0x20000000) -- CPU_WriteMem(4 bytes @ 0xE0002000) -- CPU_ReadMem(4 bytes @ 0xE000EDFC) -- CPU_ReadMem(4 bytes @ 0xE0001000) (0029ms, 34761ms total)
T2564 6634:729 JLINK_IsHalted()  returns TRUE (0000ms, 34761ms total)
T2564 6634:729 JLINK_GetMOEs(...) -- CPU_ReadMem(4 bytes @ 0xE000ED30) -- CPU_WriteMem(4 bytes @ 0xE000ED30)  returns 0x01 (0002ms, 34763ms total)
T2564 6634:731 JLINK_ReadReg(R15 (PC))  returns 0x00400830 (0000ms, 34763ms total)
T25FC 6634:739 JLINK_ReadReg(R15 (PC))  returns 0x00400830 (0000ms, 34763ms total)
T25FC 6634:739 JLINK_ReadReg(R13 (SP))  returns 0x20003938 (0000ms, 34763ms total)
T25FC 6634:834 JLINK_ReadMemHW(0x00400830, 0x0004 Bytes, ...) -- CPU_ReadMem(4 bytes @ 0x00400830) - Data: 08 B5 20 4B  returns 0x00 (0001ms, 34764ms total)
T25FC 6634:866 JLINK_ReadMemHW(0x00400D60, 0x0001 Bytes, ...) -- CPU_ReadMem(1 bytes @ 0x00400D60) - Data: 80  returns 0x00 (0001ms, 34765ms total)
T25FC 6634:908 JLINK_ReadReg(R15 (PC))  returns 0x00400830 (0000ms, 34765ms total)
T25FC 6634:908 JLINK_GetNumBPUnits(Type = 0xFFFFFF02)  returns 0x06 (0000ms, 34765ms total)
T25FC 6634:908 JLINK_SetBPEx(Addr = 0x00400D60, Type = 0xFFFFFF02)  returns 0x00000001 (0000ms, 34765ms total)
T25FC 6634:908 JLINK_GetBPInfo(BPHandle = 1)  returns 0x00 (0000ms, 34765ms total)
T25FC 6634:909 JLINK_Go() -- CPU_ReadMem(4 bytes @ 0xE0001000) -- CPU_WriteMem(4 bytes @ 0xE0002008) -- CPU_WriteMem(4 bytes @ 0xE000200C) -- CPU_WriteMem(4 bytes @ 0xE0002010) -- CPU_WriteMem(4 bytes @ 0xE0002014) -- CPU_WriteMem(4 bytes @ 0xE0002018) -- CPU_WriteMem(4 bytes @ 0xE000201C) -- CPU_WriteMem(4 bytes @ 0xE0001004) (0005ms, 34770ms total)
T2564 6634:914 JLINK_IsHalted()  returns FALSE (0001ms, 34771ms total)
T2564 6634:935 JLINK_IsHalted()  returns TRUE (0004ms, 34774ms total)
T2564 6634:939 JLINK_GetMOEs(...) -- CPU_ReadMem(4 bytes @ 0xE000ED30) -- CPU_WriteMem(4 bytes @ 0xE000ED30)  returns 0x01 (0002ms, 34772ms total)
T2564 6634:941 JLINK_ReadReg(R15 (PC))  returns 0x00400D60 (0000ms, 34772ms total)
T2564 6634:941 JLINK_GetBPInfo(BPHandle = 1)  returns 0x00 (0000ms, 34772ms total)
T2564 6634:941 JLINK_ClrBPEx(BPHandle = 0x00000001)  returns 0x00 (0000ms, 34772ms total)
T25FC 6634:944 JLINK_ReadReg(R15 (PC))  returns 0x00400D60 (0000ms, 34772ms total)
T25FC 6634:944 JLINK_ReadReg(R13 (SP))  returns 0x20003930 (0000ms, 34772ms total)
T25FC 6634:946 JLINK_ReadMemHW(0x00400D60, 0x0004 Bytes, ...) -- CPU_ReadMem(4 bytes @ 0x00400D60) - Data: 80 B5 82 B0  returns 0x00 (0001ms, 34773ms total)
T25FC 6634:979 JLINK_ReadReg(R15 (PC))  returns 0x00400D60 (0001ms, 34774ms total)
T25FC 6634:980 JLINK_Go() -- CPU_ReadMem(4 bytes @ 0xE0001000) -- CPU_WriteMem(4 bytes @ 0xE0002008) (0002ms, 34776ms total)
T2564 6634:982 JLINK_IsHalted()  returns FALSE (0001ms, 34777ms total)
T2564 6635:023 JLINK_IsHalted()  returns FALSE (0000ms, 34776ms total)
T2564 6635:184 JLINK_IsHalted()  returns FALSE (0001ms, 34777ms total)
T2564 6635:825 JLINK_IsHalted()  returns FALSE (0001ms, 34777ms total)
T2564 6636:466 JLINK_IsHalted()  returns FALSE (0001ms, 34777ms total)
T2564 6637:107 JLINK_IsHalted()  returns FALSE (0001ms, 34777ms total)
T2564 6637:748 JLINK_IsHalted()  returns FALSE (0001ms, 34777ms total)
T2564 6638:389 JLINK_IsHalted()  returns FALSE (0001ms, 34777ms total)
T2564 6639:030 JLINK_IsHalted()  returns FALSE (0001ms, 34777ms total)
T2564 6639:671 JLINK_IsHalted()  returns FALSE (0001ms, 34777ms total)
T2564 6640:312 JLINK_IsHalted()  returns FALSE (0001ms, 34777ms total)
T2564 6640:953 JLINK_IsHalted()  returns FALSE (0001ms, 34777ms total)
T2564 6641:594 JLINK_IsHalted()  returns FALSE (0001ms, 34777ms total)
T2564 6642:235 JLINK_IsHalted()  returns FALSE (0001ms, 34777ms total)
T2564 6642:876 JLINK_IsHalted()  returns FALSE (0001ms, 34777ms total)
T2564 6643:518 JLINK_IsHalted()  returns FALSE (0001ms, 34777ms total)
T2564 6644:159 JLINK_IsHalted()  returns FALSE (0001ms, 34777ms total)
T2564 6644:800 JLINK_IsHalted()  returns FALSE (0001ms, 34777ms total)
T2564 6645:441 JLINK_IsHalted()  returns FALSE (0001ms, 34777ms total)
T2564 6646:082 JLINK_IsHalted()  returns FALSE (0001ms, 34777ms total)
T2564 6646:724 JLINK_IsHalted()  returns FALSE (0001ms, 34777ms total)
T2564 6647:365 JLINK_IsHalted()  returns FALSE (0001ms, 34777ms total)
T2564 6648:006 JLINK_IsHalted()  returns FALSE (0001ms, 34777ms total)
T2564 6648:647 JLINK_IsHalted()  returns FALSE (0001ms, 34777ms total)
T2564 6649:288 JLINK_IsHalted()  returns FALSE (0000ms, 34776ms total)
T2564 6649:928 JLINK_IsHalted()  returns FALSE (0001ms, 34777ms total)
T2564 6650:569 JLINK_IsHalted()  returns FALSE (0001ms, 34777ms total)
T2564 6651:210 JLINK_IsHalted()  returns FALSE (0001ms, 34777ms total)
T2564 6651:851 JLINK_IsHalted()  returns FALSE (0001ms, 34777ms total)
T2564 6652:492 JLINK_IsHalted()  returns FALSE (0001ms, 34777ms total)
T2564 6653:133 JLINK_IsHalted()  returns FALSE (0001ms, 34777ms total)
T2564 6653:774 JLINK_IsHalted()  returns FALSE (0001ms, 34777ms total)
T2564 6654:415 JLINK_IsHalted()  returns FALSE (0001ms, 34777ms total)
T2564 6655:056 JLINK_IsHalted()  returns FALSE (0001ms, 34777ms total)
T2564 6655:697 JLINK_IsHalted()  returns FALSE (0001ms, 34777ms total)
T2564 6656:338 JLINK_IsHalted()  returns FALSE (0001ms, 34777ms total)
T2564 6656:979 JLINK_IsHalted()  returns FALSE (0001ms, 34777ms total)
T2564 6657:620 JLINK_IsHalted()  returns FALSE (0001ms, 34777ms total)
T2564 6658:261 JLINK_IsHalted()  returns FALSE (0001ms, 34777ms total)
T2564 6658:902 JLINK_IsHalted()  returns FALSE (0001ms, 34777ms total)
T2564 6659:543 JLINK_IsHalted()  returns FALSE (0001ms, 34777ms total)
T2564 6660:184 JLINK_IsHalted()  returns FALSE (0001ms, 34777ms total)
T2564 6660:825 JLINK_IsHalted()  returns FALSE (0001ms, 34777ms total)
T2564 6661:467 JLINK_IsHalted()  returns FALSE (0001ms, 34777ms total)
T2564 6662:108 JLINK_IsHalted()  returns FALSE (0001ms, 34777ms total)
T2564 6662:749 JLINK_IsHalted()  returns FALSE (0001ms, 34777ms total)
T2564 6663:390 JLINK_IsHalted()  returns FALSE (0001ms, 34777ms total)
T2564 6664:031 JLINK_IsHalted()  returns FALSE (0001ms, 34777ms total)
T2564 6664:672 JLINK_IsHalted()  returns FALSE (0001ms, 34777ms total)
T2564 6665:313 JLINK_IsHalted()  returns FALSE (0001ms, 34777ms total)
T2564 6665:954 JLINK_IsHalted()  returns FALSE (0001ms, 34777ms total)
T2564 6666:595 JLINK_IsHalted()  returns FALSE (0001ms, 34777ms total)
T2564 6667:236 JLINK_IsHalted()  returns FALSE (0001ms, 34777ms total)
T2564 6667:877 JLINK_IsHalted()  returns FALSE (0001ms, 34777ms total)
T2564 6668:518 JLINK_IsHalted()  returns FALSE (0001ms, 34777ms total)
T2564 6669:159 JLINK_IsHalted()  returns FALSE (0001ms, 34777ms total)
T2564 6669:800 JLINK_IsHalted()  returns FALSE (0001ms, 34777ms total)
T2564 6670:441 JLINK_IsHalted()  returns FALSE (0001ms, 34777ms total)
T2564 6671:082 JLINK_IsHalted()  returns FALSE (0001ms, 34777ms total)
T2564 6671:723 JLINK_IsHalted()  returns FALSE (0001ms, 34777ms total)
T2564 6672:364 JLINK_IsHalted()  returns FALSE (0001ms, 34777ms total)
T2564 6673:005 JLINK_IsHalted()  returns FALSE (0001ms, 34777ms total)
T2564 6673:646 JLINK_IsHalted()  returns FALSE (0001ms, 34777ms total)
T2564 6674:287 JLINK_IsHalted()  returns FALSE (0001ms, 34777ms total)
T2564 6674:928 JLINK_IsHalted()  returns FALSE (0001ms, 34777ms total)
T2564 6675:569 JLINK_IsHalted()  returns FALSE (0001ms, 34777ms total)
T2564 6676:210 JLINK_IsHalted()  returns FALSE (0001ms, 34777ms total)
T2564 6676:851 JLINK_IsHalted()  returns FALSE (0001ms, 34777ms total)
T2564 6677:492 JLINK_IsHalted()  returns FALSE (0001ms, 34777ms total)
T2564 6678:133 JLINK_IsHalted()  returns FALSE (0001ms, 34777ms total)
T2564 6678:775 JLINK_IsHalted()  returns FALSE (0001ms, 34777ms total)
T2564 6679:416 JLINK_IsHalted()  returns FALSE (0001ms, 34777ms total)
T2564 6680:057 JLINK_IsHalted()  returns FALSE (0001ms, 34777ms total)
T2564 6680:698 JLINK_IsHalted()  returns FALSE (0001ms, 34777ms total)
T2564 6681:339 JLINK_IsHalted()  returns FALSE (0001ms, 34777ms total)
T2564 6681:980 JLINK_IsHalted()  returns FALSE (0001ms, 34777ms total)
T2564 6682:621 JLINK_IsHalted()  returns FALSE (0001ms, 34777ms total)
T2564 6683:262 JLINK_IsHalted()  returns FALSE (0001ms, 34777ms total)
T2564 6683:903 JLINK_IsHalted()  returns FALSE (0001ms, 34777ms total)
T2564 6684:544 JLINK_IsHalted()  returns FALSE (0001ms, 34777ms total)
T2564 6685:185 JLINK_IsHalted()  returns FALSE (0001ms, 34777ms total)
T2564 6685:826 JLINK_IsHalted()  returns FALSE (0001ms, 34777ms total)
T2564 6686:467 JLINK_IsHalted()  returns FALSE (0001ms, 34777ms total)
T2564 6687:108 JLINK_IsHalted()  returns FALSE (0001ms, 34777ms total)
T2564 6687:749 JLINK_IsHalted()  returns FALSE (0001ms, 34777ms total)
T2564 6688:390 JLINK_IsHalted()  returns FALSE (0001ms, 34777ms total)
T2564 6689:031 JLINK_IsHalted()  returns FALSE (0001ms, 34777ms total)
T2564 6689:672 JLINK_IsHalted()  returns FALSE (0001ms, 34777ms total)
T2564 6690:313 JLINK_IsHalted()  returns FALSE (0001ms, 34777ms total)
T2564 6690:954 JLINK_IsHalted()  returns FALSE (0001ms, 34777ms total)
T2564 6691:595 JLINK_IsHalted()  returns FALSE (0001ms, 34777ms total)
T2564 6692:236 JLINK_IsHalted()  returns FALSE (0001ms, 34777ms total)
T2564 6692:877 JLINK_IsHalted()  returns FALSE (0001ms, 34777ms total)
T2564 6693:518 JLINK_IsHalted()  returns FALSE (0001ms, 34777ms total)
T2564 6694:159 JLINK_IsHalted()  returns FALSE (0001ms, 34777ms total)
T2564 6694:800 JLINK_IsHalted()  returns FALSE (0001ms, 34777ms total)
T2564 6695:441 JLINK_IsHalted()  returns FALSE (0001ms, 34777ms total)
T2564 6696:083 JLINK_IsHalted()  returns FALSE (0001ms, 34777ms total)
T2564 6696:724 JLINK_IsHalted()  returns FALSE (0001ms, 34777ms total)
T2564 6697:365 JLINK_IsHalted()  returns FALSE (0001ms, 34777ms total)
T2564 6698:006 JLINK_IsHalted()  returns FALSE (0000ms, 34776ms total)
T2564 6698:646 JLINK_IsHalted()  returns FALSE (0001ms, 34777ms total)
T2564 6699:287 JLINK_IsHalted()  returns FALSE (0001ms, 34777ms total)
T2564 6699:928 JLINK_IsHalted()  returns FALSE (0001ms, 34777ms total)
T2564 6700:569 JLINK_IsHalted()  returns FALSE (0001ms, 34777ms total)
T2564 6701:210 JLINK_IsHalted()  returns FALSE (0001ms, 34777ms total)
T2564 6701:851 JLINK_IsHalted()  returns FALSE (0001ms, 34777ms total)
T2564 6702:492 JLINK_IsHalted()  returns FALSE (0001ms, 34777ms total)
T2564 6703:133 JLINK_IsHalted()  returns FALSE (0001ms, 34777ms total)
T2564 6703:774 JLINK_IsHalted()  returns FALSE (0001ms, 34777ms total)
T2564 6704:415 JLINK_IsHalted()  returns FALSE (0001ms, 34777ms total)
T2564 6705:056 JLINK_IsHalted()  returns FALSE (0001ms, 34777ms total)
T2564 6705:697 JLINK_IsHalted()  returns FALSE (0001ms, 34777ms total)
T2564 6706:338 JLINK_IsHalted()  returns FALSE (0001ms, 34777ms total)
T2564 6706:979 JLINK_IsHalted()  returns FALSE (0001ms, 34777ms total)
T2564 6707:620 JLINK_IsHalted()  returns FALSE (0001ms, 34777ms total)
T2564 6708:261 JLINK_IsHalted()  returns FALSE (0001ms, 34777ms total)
T2564 6708:902 JLINK_IsHalted()  returns FALSE (0002ms, 34778ms total)
T2564 6709:544 JLINK_IsHalted()  returns FALSE (0001ms, 34777ms total)
T2564 6710:185 JLINK_IsHalted()  returns FALSE (0001ms, 34777ms total)
T2564 6710:826 JLINK_IsHalted()  returns FALSE (0001ms, 34777ms total)
T2564 6711:467 JLINK_IsHalted()  returns FALSE (0001ms, 34777ms total)
T2564 6712:108 JLINK_IsHalted()  returns FALSE (0001ms, 34777ms total)
T2564 6712:749 JLINK_IsHalted()  returns FALSE (0001ms, 34777ms total)
T2564 6713:390 JLINK_IsHalted()  returns FALSE (0001ms, 34777ms total)
T2564 6714:032 JLINK_IsHalted()  returns FALSE (0001ms, 34777ms total)
T2564 6714:673 JLINK_IsHalted()  returns FALSE (0001ms, 34777ms total)
T2564 6715:314 JLINK_IsHalted()  returns FALSE (0001ms, 34777ms total)
T2564 6715:955 JLINK_IsHalted()  returns FALSE (0001ms, 34777ms total)
T2564 6716:596 JLINK_IsHalted()  returns FALSE (0001ms, 34777ms total)
T2564 6717:237 JLINK_IsHalted()  returns FALSE (0001ms, 34777ms total)
T2564 6717:878 JLINK_IsHalted()  returns FALSE (0001ms, 34777ms total)
T2564 6718:519 JLINK_IsHalted()  returns FALSE (0001ms, 34777ms total)
T2564 6719:160 JLINK_IsHalted()  returns FALSE (0001ms, 34777ms total)
T2564 6719:801 JLINK_IsHalted()  returns FALSE (0001ms, 34777ms total)
T2564 6720:442 JLINK_IsHalted()  returns FALSE (0001ms, 34777ms total)
T2564 6721:083 JLINK_IsHalted()  returns FALSE (0001ms, 34777ms total)
T2564 6721:724 JLINK_IsHalted()  returns FALSE (0001ms, 34777ms total)
T2564 6722:365 JLINK_IsHalted()  returns FALSE (0001ms, 34777ms total)
T2564 6723:006 JLINK_IsHalted()  returns FALSE (0001ms, 34777ms total)
T2564 6723:647 JLINK_IsHalted()  returns FALSE (0001ms, 34777ms total)
T2564 6724:288 JLINK_IsHalted()  returns FALSE (0001ms, 34777ms total)
T2564 6724:929 JLINK_IsHalted()  returns FALSE (0001ms, 34777ms total)
T2564 6725:570 JLINK_IsHalted()  returns FALSE (0001ms, 34777ms total)
T2564 6726:211 JLINK_IsHalted()  returns FALSE (0001ms, 34777ms total)
T2564 6726:852 JLINK_IsHalted()  returns FALSE (0001ms, 34777ms total)
T2564 6727:493 JLINK_IsHalted()  returns FALSE (0001ms, 34777ms total)
T2564 6728:134 JLINK_IsHalted()  returns FALSE (0001ms, 34777ms total)
T2564 6728:775 JLINK_IsHalted()  returns FALSE (0001ms, 34777ms total)
T2564 6729:416 JLINK_IsHalted()  returns FALSE (0001ms, 34777ms total)
T2564 6730:057 JLINK_IsHalted()  returns FALSE (0001ms, 34777ms total)
T2564 6730:698 JLINK_IsHalted()  returns FALSE (0001ms, 34777ms total)
T2564 6731:340 JLINK_IsHalted()  returns FALSE (0001ms, 34777ms total)
T2564 6731:981 JLINK_IsHalted()  returns FALSE (0001ms, 34777ms total)
T2564 6732:622 JLINK_IsHalted()  returns FALSE (0001ms, 34777ms total)
T2564 6733:263 JLINK_IsHalted()  returns FALSE (0001ms, 34777ms total)
T2564 6733:904 JLINK_IsHalted()  returns FALSE (0001ms, 34777ms total)
T2564 6734:545 JLINK_IsHalted()  returns FALSE (0001ms, 34777ms total)
T2564 6735:186 JLINK_IsHalted()  returns FALSE (0001ms, 34777ms total)
T2564 6735:827 JLINK_IsHalted()  returns FALSE (0001ms, 34777ms total)
T2564 6736:468 JLINK_IsHalted()  returns FALSE (0001ms, 34777ms total)
T2564 6737:109 JLINK_IsHalted()  returns FALSE (0001ms, 34777ms total)
T2564 6737:750 JLINK_IsHalted()  returns FALSE (0001ms, 34777ms total)
T2564 6738:391 JLINK_IsHalted()  returns FALSE (0001ms, 34777ms total)
T2564 6739:032 JLINK_IsHalted()  returns FALSE (0001ms, 34777ms total)
T25FC 6739:443 JLINK_Halt()  returns 0x00 (0007ms, 34783ms total)
T2564 6739:673 JLINK_IsHalted()  returns TRUE (0001ms, 34784ms total)
T2564 6739:674 JLINK_GetMOEs(...) -- CPU_ReadMem(4 bytes @ 0xE000ED30) -- CPU_WriteMem(4 bytes @ 0xE000ED30)  returns 0x01 (0002ms, 34785ms total)
T2564 6739:676 JLINK_ReadReg(R15 (PC))  returns 0x00400E5E (0000ms, 34785ms total)
T26D8 6739:677 JLINK_ResetPullsRESET(ON) (0001ms, 34786ms total)
T26D8 6739:678 JLINK_ResetNoHalt() >0x2F8 JTAG>TotalIRLen = 4, IRPrint = 0x01 >0x30 JTAG> >0x210 JTAG> >0x70 JTAG> >0x40 JTAG> >0x40 JTAG> >0x40 JTAG> >0x48 JTAG> >0x78 JTAG> >0x40 JTAG> >0x30 JTAG> >0x40 JTAG> >0x40 JTAG> >0x30 JTAG> >0x40 JTAG> >0x48 JTAG>Found Cortex-M4 r0p1, Little endian. -- CPU_WriteMem(4 bytes @ 0xE0002000) -- CPU_ReadMem(4 bytes @ 0xE000EDF0) -- CPU_ReadMem(4 bytes @ 0xE0002000)FPUnit: 6 code (BP) slots and 2 literal slots -- CPU_ReadMem(4 bytes @ 0xE000EDFC)
 -- CPU_ReadMem(4 bytes @ 0xE0001000) -- CPU_ReadMem(4 bytes @ 0xE000ED88) -- CPU_WriteMem(4 bytes @ 0xE000ED88) -- CPU_ReadMem(4 bytes @ 0xE000ED88) -- CPU_WriteMem(4 bytes @ 0xE000ED88)CoreSight components:ROMTbl 0 @ E00FF000 -- CPU_ReadMem(16 bytes @ 0xE00FF000) -- CPU_ReadMem(16 bytes @ 0xE000EFF0) -- CPU_ReadMem(16 bytes @ 0xE000EFE0)ROMTbl 0 [0]: FFF0F000, CID: B105E00D, PID: 000BB000 SCS -- CPU_WriteMem(4 bytes @ 0xE0001000) -- CPU_ReadMem(16 bytes @ 0xE0001FF0)
 -- CPU_ReadMem(16 bytes @ 0xE0001FE0)ROMTbl 0 [1]: FFF02000, CID: B105E00D, PID: 003BB002 DWT -- CPU_ReadMem(16 bytes @ 0xE0002FF0) -- CPU_ReadMem(16 bytes @ 0xE0002FE0)ROMTbl 0 [2]: FFF03000, CID: B105E00D, PID: 002BB003 FPB -- CPU_ReadMem(16 bytes @ 0xE0000FF0) -- CPU_ReadMem(16 bytes @ 0xE0000FE0)ROMTbl 0 [3]: FFF01000, CID: B105E00D, PID: 003BB001 ITM -- CPU_ReadMem(16 bytes @ 0xE00FF010) -- CPU_ReadMem(16 bytes @ 0xE0040FF0) -- CPU_ReadMem(16 bytes @ 0xE0040FE0)
ROMTbl 0 [4]: FFF41000, CID: B105900D, PID: 000BB9A1 TPIU
                JLINK_Reset() -- CPU_ReadMem(16 bytes @ 0x20000000) -- CPU_WriteMem(16 bytes @ 0x20000000) -- CPU_ReadMem(4 bytes @ 0xE000EDFC) -- CPU_WriteMem(4 bytes @ 0xE000EDFC) -- CPU_ReadMem(4 bytes @ 0xE0001000) -- CPU_WriteMem(4 bytes @ 0xE000EDFC) -- CPU_WriteMem(16 bytes @ 0x20000000) -- CPU_WriteMem(4 bytes @ 0xE0002000) -- CPU_ReadMem(4 bytes @ 0xE000EDFC) -- CPU_ReadMem(4 bytes @ 0xE0001000) (0029ms, 0029ms total)
                JLINK_Go() -- CPU_ReadMem(4 bytes @ 0xE0001000) -- CPU_WriteMem(4 bytes @ 0xE0002008) -- CPU_WriteMem(4 bytes @ 0xE000200C) -- CPU_WriteMem(4 bytes @ 0xE0002010) -- CPU_WriteMem(4 bytes @ 0xE0002014) -- CPU_WriteMem(4 bytes @ 0xE0002018) -- CPU_WriteMem(4 bytes @ 0xE000201C) -- CPU_WriteMem(4 bytes @ 0xE0001004) (0005ms, 0034ms total)
               (0066ms, 34852ms total)
T26D8 6739:755 JLINK_Close() -- CPU is running -- CPU_WriteMem(4 bytes @ 0xE0002008) -- CPU is running -- CPU_WriteMem(4 bytes @ 0xE000200C) -- CPU is running -- CPU_WriteMem(4 bytes @ 0xE0002010) -- CPU is running -- CPU_WriteMem(4 bytes @ 0xE0002014) -- CPU is running -- CPU_WriteMem(4 bytes @ 0xE0002018) -- CPU is running -- CPU_WriteMem(4 bytes @ 0xE000201C) >0x78 JTAG> >0x08 JTAG> (0009ms, 34861ms total)
T26D8 6739:755  (0009ms, 34861ms total)
T26D8 6739:755 Closed (0009ms, 34861ms total)
